desc: --massif-out-file=usoRAM.out
cmd: ./main.o entrada.txt salida.txt
time_unit: i
#-----------
snapshot=0
#-----------
time=0
mem_heap_B=0
mem_heap_extra_B=0
mem_stacks_B=0
heap_tree=empty
#-----------
snapshot=1
#-----------
time=11008270
mem_heap_B=499721
mem_heap_extra_B=216039
mem_stacks_B=0
heap_tree=empty
#-----------
snapshot=2
#-----------
time=26152057
mem_heap_B=1048773
mem_heap_extra_B=487355
mem_stacks_B=0
heap_tree=detailed
n5: 1048773 (heap allocation functions) malloc/new/new[], --alloc-fns, etc.
 n3: 613708 0x10AA04: bstree_insertar (in /home/fari/correctorOrtografico/main.o)
  n3: 531832 0x10AAA3: bstree_insertar (in /home/fari/correctorOrtografico/main.o)
   n3: 451808 0x10AAA3: bstree_insertar (in /home/fari/correctorOrtografico/main.o)
    n3: 373700 0x10AAA3: bstree_insertar (in /home/fari/correctorOrtografico/main.o)
     n3: 298864 0x10AAA3: bstree_insertar (in /home/fari/correctorOrtografico/main.o)
      n3: 230316 0x10AAA3: bstree_insertar (in /home/fari/correctorOrtografico/main.o)
       n3: 170268 0x10AAA3: bstree_insertar (in /home/fari/correctorOrtografico/main.o)
        n3: 119420 0x10AAA3: bstree_insertar (in /home/fari/correctorOrtografico/main.o)
         n3: 80296 0x10AAA3: bstree_insertar (in /home/fari/correctorOrtografico/main.o)
          n2: 50124 0x10AAA3: bstree_insertar (in /home/fari/correctorOrtografico/main.o)
           n2: 29600 0x10AAA3: bstree_insertar (in /home/fari/correctorOrtografico/main.o)
            n1: 16760 0x10AAA3: bstree_insertar (in /home/fari/correctorOrtografico/main.o)
             n0: 16760 in 2 places, all below massif's threshold (1.00%)
            n0: 12840 in 1 place, below massif's threshold (1.00%)
           n1: 20524 0x10AE33: tablahash_insertar (in /home/fari/correctorOrtografico/main.o)
            n1: 20524 0x10A968: leer_diccionario (in /home/fari/correctorOrtografico/main.o)
             n0: 20524 0x109255: main (in /home/fari/correctorOrtografico/main.o)
          n1: 30136 0x10AE33: tablahash_insertar (in /home/fari/correctorOrtografico/main.o)
           n1: 30136 0x10A968: leer_diccionario (in /home/fari/correctorOrtografico/main.o)
            n0: 30136 0x109255: main (in /home/fari/correctorOrtografico/main.o)
          n0: 36 in 1 place, below massif's threshold (1.00%)
         n1: 39080 0x10AE33: tablahash_insertar (in /home/fari/correctorOrtografico/main.o)
          n1: 39080 0x10A968: leer_diccionario (in /home/fari/correctorOrtografico/main.o)
           n0: 39080 0x109255: main (in /home/fari/correctorOrtografico/main.o)
         n0: 44 in 1 place, below massif's threshold (1.00%)
        n1: 50720 0x10AE33: tablahash_insertar (in /home/fari/correctorOrtografico/main.o)
         n1: 50720 0x10A968: leer_diccionario (in /home/fari/correctorOrtografico/main.o)
          n0: 50720 0x109255: main (in /home/fari/correctorOrtografico/main.o)
        n0: 128 in 1 place, below massif's threshold (1.00%)
       n1: 59672 0x10AE33: tablahash_insertar (in /home/fari/correctorOrtografico/main.o)
        n1: 59672 0x10A968: leer_diccionario (in /home/fari/correctorOrtografico/main.o)
         n0: 59672 0x109255: main (in /home/fari/correctorOrtografico/main.o)
       n0: 376 in 1 place, below massif's threshold (1.00%)
      n1: 67728 0x10AE33: tablahash_insertar (in /home/fari/correctorOrtografico/main.o)
       n1: 67728 0x10A968: leer_diccionario (in /home/fari/correctorOrtografico/main.o)
        n0: 67728 0x109255: main (in /home/fari/correctorOrtografico/main.o)
      n0: 820 in 1 place, below massif's threshold (1.00%)
     n1: 73248 0x10AE33: tablahash_insertar (in /home/fari/correctorOrtografico/main.o)
      n1: 73248 0x10A968: leer_diccionario (in /home/fari/correctorOrtografico/main.o)
       n0: 73248 0x109255: main (in /home/fari/correctorOrtografico/main.o)
     n0: 1588 in 1 place, below massif's threshold (1.00%)
    n1: 75848 0x10AE33: tablahash_insertar (in /home/fari/correctorOrtografico/main.o)
     n1: 75848 0x10A968: leer_diccionario (in /home/fari/correctorOrtografico/main.o)
      n0: 75848 0x109255: main (in /home/fari/correctorOrtografico/main.o)
    n0: 2260 in 1 place, below massif's threshold (1.00%)
   n1: 76704 0x10AE33: tablahash_insertar (in /home/fari/correctorOrtografico/main.o)
    n1: 76704 0x10A968: leer_diccionario (in /home/fari/correctorOrtografico/main.o)
     n0: 76704 0x109255: main (in /home/fari/correctorOrtografico/main.o)
   n0: 3320 in 1 place, below massif's threshold (1.00%)
  n1: 78276 0x10AE33: tablahash_insertar (in /home/fari/correctorOrtografico/main.o)
   n1: 78276 0x10A968: leer_diccionario (in /home/fari/correctorOrtografico/main.o)
    n0: 78276 0x109255: main (in /home/fari/correctorOrtografico/main.o)
  n0: 3600 in 1 place, below massif's threshold (1.00%)
 n3: 389424 0x10A9E4: bstree_insertar (in /home/fari/correctorOrtografico/main.o)
  n3: 338928 0x10AAA3: bstree_insertar (in /home/fari/correctorOrtografico/main.o)
   n3: 288960 0x10AAA3: bstree_insertar (in /home/fari/correctorOrtografico/main.o)
    n3: 240192 0x10AAA3: bstree_insertar (in /home/fari/correctorOrtografico/main.o)
     n3: 193080 0x10AAA3: bstree_insertar (in /home/fari/correctorOrtografico/main.o)
      n3: 149568 0x10AAA3: bstree_insertar (in /home/fari/correctorOrtografico/main.o)
       n3: 110976 0x10AAA3: bstree_insertar (in /home/fari/correctorOrtografico/main.o)
        n3: 78024 0x10AAA3: bstree_insertar (in /home/fari/correctorOrtografico/main.o)
         n3: 52392 0x10AAA3: bstree_insertar (in /home/fari/correctorOrtografico/main.o)
          n2: 32736 0x10AAA3: bstree_insertar (in /home/fari/correctorOrtografico/main.o)
           n1: 19320 0x10AAA3: bstree_insertar (in /home/fari/correctorOrtografico/main.o)
            n0: 19320 in 2 places, all below massif's threshold (1.00%)
           n0: 13416 in 1 place, below massif's threshold (1.00%)
          n1: 19632 0x10AE33: tablahash_insertar (in /home/fari/correctorOrtografico/main.o)
           n1: 19632 0x10A968: leer_diccionario (in /home/fari/correctorOrtografico/main.o)
            n0: 19632 0x109255: main (in /home/fari/correctorOrtografico/main.o)
          n0: 24 in 1 place, below massif's threshold (1.00%)
         n1: 25608 0x10AE33: tablahash_insertar (in /home/fari/correctorOrtografico/main.o)
          n1: 25608 0x10A968: leer_diccionario (in /home/fari/correctorOrtografico/main.o)
           n0: 25608 0x109255: main (in /home/fari/correctorOrtografico/main.o)
         n0: 24 in 1 place, below massif's threshold (1.00%)
        n1: 32880 0x10AE33: tablahash_insertar (in /home/fari/correctorOrtografico/main.o)
         n1: 32880 0x10A968: leer_diccionario (in /home/fari/correctorOrtografico/main.o)
          n0: 32880 0x109255: main (in /home/fari/correctorOrtografico/main.o)
        n0: 72 in 1 place, below massif's threshold (1.00%)
       n1: 38352 0x10AE33: tablahash_insertar (in /home/fari/correctorOrtografico/main.o)
        n1: 38352 0x10A968: leer_diccionario (in /home/fari/correctorOrtografico/main.o)
         n0: 38352 0x109255: main (in /home/fari/correctorOrtografico/main.o)
       n0: 240 in 1 place, below massif's threshold (1.00%)
      n1: 42984 0x10AE33: tablahash_insertar (in /home/fari/correctorOrtografico/main.o)
       n1: 42984 0x10A968: leer_diccionario (in /home/fari/correctorOrtografico/main.o)
        n0: 42984 0x109255: main (in /home/fari/correctorOrtografico/main.o)
      n0: 528 in 1 place, below massif's threshold (1.00%)
     n1: 46056 0x10AE33: tablahash_insertar (in /home/fari/correctorOrtografico/main.o)
      n1: 46056 0x10A968: leer_diccionario (in /home/fari/correctorOrtografico/main.o)
       n0: 46056 0x109255: main (in /home/fari/correctorOrtografico/main.o)
     n0: 1056 in 1 place, below massif's threshold (1.00%)
    n1: 47256 0x10AE33: tablahash_insertar (in /home/fari/correctorOrtografico/main.o)
     n1: 47256 0x10A968: leer_diccionario (in /home/fari/correctorOrtografico/main.o)
      n0: 47256 0x109255: main (in /home/fari/correctorOrtografico/main.o)
    n0: 1512 in 1 place, below massif's threshold (1.00%)
   n1: 47784 0x10AE33: tablahash_insertar (in /home/fari/correctorOrtografico/main.o)
    n1: 47784 0x10A968: leer_diccionario (in /home/fari/correctorOrtografico/main.o)
     n0: 47784 0x109255: main (in /home/fari/correctorOrtografico/main.o)
   n0: 2184 in 1 place, below massif's threshold (1.00%)
  n1: 47976 0x10AE33: tablahash_insertar (in /home/fari/correctorOrtografico/main.o)
   n1: 47976 0x10A968: leer_diccionario (in /home/fari/correctorOrtografico/main.o)
    n0: 47976 0x109255: main (in /home/fari/correctorOrtografico/main.o)
  n0: 2520 in 1 place, below massif's threshold (1.00%)
 n1: 16384 0x48D8C77: _IO_wfile_doallocate (wfiledoalloc.c:79)
  n1: 16384 0x48E70B0: _IO_doallocbuf (genops.c:347)
   n1: 16384 0x48DE482: _IO_wfile_underflow (wfileops.c:183)
    n1: 16384 0x48DC6B0: _IO_wdefault_uflow (wgenops.c:204)
     n1: 16384 0x48DB1E4: _IO_getwline_info (iogetwline.c:61)
      n1: 16384 0x48DADD9: fgetws (iofgetws.c:53)
       n1: 16384 0x10A983: leer_diccionario (in /home/fari/correctorOrtografico/main.o)
        n0: 16384 0x109255: main (in /home/fari/correctorOrtografico/main.o)
 n1: 15992 0x10AD66: tablahash_crear (in /home/fari/correctorOrtografico/main.o)
  n1: 15992 0x10A8EC: leer_diccionario (in /home/fari/correctorOrtografico/main.o)
   n0: 15992 0x109255: main (in /home/fari/correctorOrtografico/main.o)
 n0: 13265 in 11 places, all below massif's threshold (1.00%)
#-----------
snapshot=3
#-----------
time=36861009
mem_heap_B=1394169
mem_heap_extra_B=652439
mem_stacks_B=0
heap_tree=empty
#-----------
snapshot=4
#-----------
time=53980875
mem_heap_B=1902113
mem_heap_extra_B=880143
mem_stacks_B=0
heap_tree=empty
#-----------
snapshot=5
#-----------
time=69352224
mem_heap_B=2315241
mem_heap_extra_B=1069207
mem_stacks_B=0
heap_tree=empty
#-----------
snapshot=6
#-----------
time=79857302
mem_heap_B=2576565
mem_heap_extra_B=1195659
mem_stacks_B=0
heap_tree=empty
#-----------
snapshot=7
#-----------
time=96374590
mem_heap_B=2968749
mem_heap_extra_B=1378931
mem_stacks_B=0
heap_tree=empty
#-----------
snapshot=8
#-----------
time=105735470
mem_heap_B=3176713
mem_heap_extra_B=1479911
mem_stacks_B=0
heap_tree=empty
#-----------
snapshot=9
#-----------
time=117996530
mem_heap_B=3436633
mem_heap_extra_B=1607351
mem_stacks_B=0
heap_tree=empty
#-----------
snapshot=10
#-----------
time=127501380
mem_heap_B=3625845
mem_heap_extra_B=1702219
mem_stacks_B=0
heap_tree=empty
#-----------
snapshot=11
#-----------
time=143791703
mem_heap_B=3945677
mem_heap_extra_B=1859427
mem_stacks_B=0
heap_tree=empty
#-----------
snapshot=12
#-----------
time=151959601
mem_heap_B=4104577
mem_heap_extra_B=1933135
mem_stacks_B=0
heap_tree=empty
#-----------
snapshot=13
#-----------
time=165541615
mem_heap_B=4355841
mem_heap_extra_B=2054495
mem_stacks_B=0
heap_tree=empty
#-----------
snapshot=14
#-----------
time=174749647
mem_heap_B=4522405
mem_heap_extra_B=2134635
mem_stacks_B=0
heap_tree=empty
#-----------
snapshot=15
#-----------
time=193576659
mem_heap_B=4850697
mem_heap_extra_B=2293207
mem_stacks_B=0
heap_tree=empty
#-----------
snapshot=16
#-----------
time=206878697
mem_heap_B=5069393
mem_heap_extra_B=2403687
mem_stacks_B=0
heap_tree=detailed
n3: 5069393 (heap allocation functions) malloc/new/new[], --alloc-fns, etc.
 n3: 3100176 0x10AA04: bstree_insertar (in /home/fari/correctorOrtografico/main.o)
  n3: 3005648 0x10AAA3: bstree_insertar (in /home/fari/correctorOrtografico/main.o)
   n3: 2914880 0x10AAA3: bstree_insertar (in /home/fari/correctorOrtografico/main.o)
    n3: 2824784 0x10AAA3: bstree_insertar (in /home/fari/correctorOrtografico/main.o)
     n2: 2735824 0x10AAA3: bstree_insertar (in /home/fari/correctorOrtografico/main.o)
      n2: 2648744 0x10AAA3: bstree_insertar (in /home/fari/correctorOrtografico/main.o)
       n2: 2562760 0x10AAA3: bstree_insertar (in /home/fari/correctorOrtografico/main.o)
        n2: 2477660 0x10AAA3: bstree_insertar (in /home/fari/correctorOrtografico/main.o)
         n2: 2392804 0x10AAA3: bstree_insertar (in /home/fari/correctorOrtografico/main.o)
          n2: 2308184 0x10AAA3: bstree_insertar (in /home/fari/correctorOrtografico/main.o)
           n3: 2223976 0x10AAA3: bstree_insertar (in /home/fari/correctorOrtografico/main.o)
            n3: 2138856 0x10AAA3: bstree_insertar (in /home/fari/correctorOrtografico/main.o)
             n3: 2052896 0x10AAA3: bstree_insertar (in /home/fari/correctorOrtografico/main.o)
              n3: 1967912 0x10AAA3: bstree_insertar (in /home/fari/correctorOrtografico/main.o)
               n3: 1882868 0x10AAA3: bstree_insertar (in /home/fari/correctorOrtografico/main.o)
                n3: 1798416 0x10AAA3: bstree_insertar (in /home/fari/correctorOrtografico/main.o)
                 n3: 1714248 0x10AAA3: bstree_insertar (in /home/fari/correctorOrtografico/main.o)
                  n3: 1631228 0x10AAA3: bstree_insertar (in /home/fari/correctorOrtografico/main.o)
                   n2: 1549100 0x10AAA3: bstree_insertar (in /home/fari/correctorOrtografico/main.o)
                    n2: 1469036 0x10AAA3: bstree_insertar (in /home/fari/correctorOrtografico/main.o)
                     n2: 1389972 0x10AAA3: bstree_insertar (in /home/fari/correctorOrtografico/main.o)
                      n2: 1312216 0x10AAA3: bstree_insertar (in /home/fari/correctorOrtografico/main.o)
                       n2: 1235324 0x10AAA3: bstree_insertar (in /home/fari/correctorOrtografico/main.o)
                        n2: 1160068 0x10AAA3: bstree_insertar (in /home/fari/correctorOrtografico/main.o)
                         n2: 1086016 0x10AAA3: bstree_insertar (in /home/fari/correctorOrtografico/main.o)
                          n2: 1012244 0x10AAA3: bstree_insertar (in /home/fari/correctorOrtografico/main.o)
                           n2: 940148 0x10AAA3: bstree_insertar (in /home/fari/correctorOrtografico/main.o)
                            n2: 867652 0x10AAA3: bstree_insertar (in /home/fari/correctorOrtografico/main.o)
                             n2: 797248 0x10AAA3: bstree_insertar (in /home/fari/correctorOrtografico/main.o)
                              n0: 727968 0x10AAA3: bstree_insertar (in /home/fari/correctorOrtografico/main.o)
                              n0: 69280 in 2 places, all below massif's threshold (1.00%)
                             n0: 70404 in 2 places, all below massif's threshold (1.00%)
                            n0: 72496 in 2 places, all below massif's threshold (1.00%)
                           n0: 72096 in 2 places, all below massif's threshold (1.00%)
                          n0: 73772 in 2 places, all below massif's threshold (1.00%)
                         n0: 74052 in 2 places, all below massif's threshold (1.00%)
                        n0: 75256 in 2 places, all below massif's threshold (1.00%)
                       n0: 76892 in 2 places, all below massif's threshold (1.00%)
                      n0: 77756 in 2 places, all below massif's threshold (1.00%)
                     n0: 79064 in 2 places, all below massif's threshold (1.00%)
                    n0: 80064 in 2 places, all below massif's threshold (1.00%)
                   n1: 76312 0x10AE33: tablahash_insertar (in /home/fari/correctorOrtografico/main.o)
                    n1: 76312 0x10A968: leer_diccionario (in /home/fari/correctorOrtografico/main.o)
                     n0: 76312 0x109255: main (in /home/fari/correctorOrtografico/main.o)
                   n0: 5816 in 1 place, below massif's threshold (1.00%)
                  n1: 76580 0x10AE33: tablahash_insertar (in /home/fari/correctorOrtografico/main.o)
                   n1: 76580 0x10A968: leer_diccionario (in /home/fari/correctorOrtografico/main.o)
                    n0: 76580 0x109255: main (in /home/fari/correctorOrtografico/main.o)
                  n0: 6440 in 1 place, below massif's threshold (1.00%)
                 n1: 77304 0x10AE33: tablahash_insertar (in /home/fari/correctorOrtografico/main.o)
                  n1: 77304 0x10A968: leer_diccionario (in /home/fari/correctorOrtografico/main.o)
                   n0: 77304 0x109255: main (in /home/fari/correctorOrtografico/main.o)
                 n0: 6864 in 1 place, below massif's threshold (1.00%)
                n1: 77084 0x10AE33: tablahash_insertar (in /home/fari/correctorOrtografico/main.o)
                 n1: 77084 0x10A968: leer_diccionario (in /home/fari/correctorOrtografico/main.o)
                  n0: 77084 0x109255: main (in /home/fari/correctorOrtografico/main.o)
                n0: 7368 in 1 place, below massif's threshold (1.00%)
               n1: 77100 0x10AE33: tablahash_insertar (in /home/fari/correctorOrtografico/main.o)
                n1: 77100 0x10A968: leer_diccionario (in /home/fari/correctorOrtografico/main.o)
                 n0: 77100 0x109255: main (in /home/fari/correctorOrtografico/main.o)
               n0: 7944 in 1 place, below massif's threshold (1.00%)
              n1: 76312 0x10AE33: tablahash_insertar (in /home/fari/correctorOrtografico/main.o)
               n1: 76312 0x10A968: leer_diccionario (in /home/fari/correctorOrtografico/main.o)
                n0: 76312 0x109255: main (in /home/fari/correctorOrtografico/main.o)
              n0: 8672 in 1 place, below massif's threshold (1.00%)
             n1: 76800 0x10AE33: tablahash_insertar (in /home/fari/correctorOrtografico/main.o)
              n1: 76800 0x10A968: leer_diccionario (in /home/fari/correctorOrtografico/main.o)
               n0: 76800 0x109255: main (in /home/fari/correctorOrtografico/main.o)
             n0: 9160 in 1 place, below massif's threshold (1.00%)
            n1: 75172 0x10AE33: tablahash_insertar (in /home/fari/correctorOrtografico/main.o)
             n1: 75172 0x10A968: leer_diccionario (in /home/fari/correctorOrtografico/main.o)
              n0: 75172 0x109255: main (in /home/fari/correctorOrtografico/main.o)
            n0: 9948 in 1 place, below massif's threshold (1.00%)
           n0: 84208 in 2 places, all below massif's threshold (1.00%)
          n0: 84620 in 2 places, all below massif's threshold (1.00%)
         n0: 84856 in 2 places, all below massif's threshold (1.00%)
        n0: 85100 in 2 places, all below massif's threshold (1.00%)
       n0: 85984 in 2 places, all below massif's threshold (1.00%)
      n0: 87080 in 2 places, all below massif's threshold (1.00%)
     n1: 75772 0x10AE33: tablahash_insertar (in /home/fari/correctorOrtografico/main.o)
      n1: 75772 0x10A968: leer_diccionario (in /home/fari/correctorOrtografico/main.o)
       n0: 75772 0x109255: main (in /home/fari/correctorOrtografico/main.o)
     n0: 13188 in 1 place, below massif's threshold (1.00%)
    n1: 76816 0x10AE33: tablahash_insertar (in /home/fari/correctorOrtografico/main.o)
     n1: 76816 0x10A968: leer_diccionario (in /home/fari/correctorOrtografico/main.o)
      n0: 76816 0x109255: main (in /home/fari/correctorOrtografico/main.o)
    n0: 13280 in 1 place, below massif's threshold (1.00%)
   n1: 76956 0x10AE33: tablahash_insertar (in /home/fari/correctorOrtografico/main.o)
    n1: 76956 0x10A968: leer_diccionario (in /home/fari/correctorOrtografico/main.o)
     n0: 76956 0x109255: main (in /home/fari/correctorOrtografico/main.o)
   n0: 13812 in 1 place, below massif's threshold (1.00%)
  n1: 78276 0x10AE33: tablahash_insertar (in /home/fari/correctorOrtografico/main.o)
   n1: 78276 0x10A968: leer_diccionario (in /home/fari/correctorOrtografico/main.o)
    n0: 78276 0x109255: main (in /home/fari/correctorOrtografico/main.o)
  n0: 16252 in 1 place, below massif's threshold (1.00%)
 n2: 1923576 0x10A9E4: bstree_insertar (in /home/fari/correctorOrtografico/main.o)
  n2: 1864464 0x10AAA3: bstree_insertar (in /home/fari/correctorOrtografico/main.o)
   n2: 1807824 0x10AAA3: bstree_insertar (in /home/fari/correctorOrtografico/main.o)
    n2: 1751496 0x10AAA3: bstree_insertar (in /home/fari/correctorOrtografico/main.o)
     n2: 1695552 0x10AAA3: bstree_insertar (in /home/fari/correctorOrtografico/main.o)
      n2: 1640376 0x10AAA3: bstree_insertar (in /home/fari/correctorOrtografico/main.o)
       n2: 1585800 0x10AAA3: bstree_insertar (in /home/fari/correctorOrtografico/main.o)
        n2: 1531992 0x10AAA3: bstree_insertar (in /home/fari/correctorOrtografico/main.o)
         n2: 1478688 0x10AAA3: bstree_insertar (in /home/fari/correctorOrtografico/main.o)
          n2: 1425960 0x10AAA3: bstree_insertar (in /home/fari/correctorOrtografico/main.o)
           n2: 1373976 0x10AAA3: bstree_insertar (in /home/fari/correctorOrtografico/main.o)
            n2: 1322520 0x10AAA3: bstree_insertar (in /home/fari/correctorOrtografico/main.o)
             n2: 1271568 0x10AAA3: bstree_insertar (in /home/fari/correctorOrtografico/main.o)
              n2: 1221000 0x10AAA3: bstree_insertar (in /home/fari/correctorOrtografico/main.o)
               n2: 1171008 0x10AAA3: bstree_insertar (in /home/fari/correctorOrtografico/main.o)
                n2: 1121304 0x10AAA3: bstree_insertar (in /home/fari/correctorOrtografico/main.o)
                 n2: 1071864 0x10AAA3: bstree_insertar (in /home/fari/correctorOrtografico/main.o)
                  n2: 1022952 0x10AAA3: bstree_insertar (in /home/fari/correctorOrtografico/main.o)
                   n2: 974352 0x10AAA3: bstree_insertar (in /home/fari/correctorOrtografico/main.o)
                    n2: 926016 0x10AAA3: bstree_insertar (in /home/fari/correctorOrtografico/main.o)
                     n2: 878136 0x10AAA3: bstree_insertar (in /home/fari/correctorOrtografico/main.o)
                      n2: 830592 0x10AAA3: bstree_insertar (in /home/fari/correctorOrtografico/main.o)
                       n2: 783504 0x10AAA3: bstree_insertar (in /home/fari/correctorOrtografico/main.o)
                        n2: 736776 0x10AAA3: bstree_insertar (in /home/fari/correctorOrtografico/main.o)
                         n2: 690408 0x10AAA3: bstree_insertar (in /home/fari/correctorOrtografico/main.o)
                          n2: 644424 0x10AAA3: bstree_insertar (in /home/fari/correctorOrtografico/main.o)
                           n2: 599160 0x10AAA3: bstree_insertar (in /home/fari/correctorOrtografico/main.o)
                            n2: 554184 0x10AAA3: bstree_insertar (in /home/fari/correctorOrtografico/main.o)
                             n2: 509712 0x10AAA3: bstree_insertar (in /home/fari/correctorOrtografico/main.o)
                              n0: 465888 0x10AAA3: bstree_insertar (in /home/fari/correctorOrtografico/main.o)
                              n0: 43824 in 2 places, all below massif's threshold (1.00%)
                             n0: 44472 in 2 places, all below massif's threshold (1.00%)
                            n0: 44976 in 2 places, all below massif's threshold (1.00%)
                           n0: 45264 in 2 places, all below massif's threshold (1.00%)
                          n0: 45984 in 2 places, all below massif's threshold (1.00%)
                         n0: 46368 in 2 places, all below massif's threshold (1.00%)
                        n0: 46728 in 2 places, all below massif's threshold (1.00%)
                       n0: 47088 in 2 places, all below massif's threshold (1.00%)
                      n0: 47544 in 2 places, all below massif's threshold (1.00%)
                     n0: 47880 in 2 places, all below massif's threshold (1.00%)
                    n0: 48336 in 2 places, all below massif's threshold (1.00%)
                   n0: 48600 in 2 places, all below massif's threshold (1.00%)
                  n0: 48912 in 2 places, all below massif's threshold (1.00%)
                 n0: 49440 in 2 places, all below massif's threshold (1.00%)
                n0: 49704 in 2 places, all below massif's threshold (1.00%)
               n0: 49992 in 2 places, all below massif's threshold (1.00%)
              n0: 50568 in 2 places, all below massif's threshold (1.00%)
             n0: 50952 in 2 places, all below massif's threshold (1.00%)
            n0: 51456 in 2 places, all below massif's threshold (1.00%)
           n0: 51984 in 2 places, all below massif's threshold (1.00%)
          n0: 52728 in 2 places, all below massif's threshold (1.00%)
         n0: 53304 in 2 places, all below massif's threshold (1.00%)
        n0: 53808 in 2 places, all below massif's threshold (1.00%)
       n0: 54576 in 2 places, all below massif's threshold (1.00%)
      n0: 55176 in 2 places, all below massif's threshold (1.00%)
     n0: 55944 in 2 places, all below massif's threshold (1.00%)
    n0: 56328 in 2 places, all below massif's threshold (1.00%)
   n0: 56640 in 2 places, all below massif's threshold (1.00%)
  n0: 59112 in 2 places, all below massif's threshold (1.00%)
 n0: 45641 in 13 places, all below massif's threshold (1.00%)
#-----------
snapshot=17
#-----------
time=217144094
mem_heap_B=5304997
mem_heap_extra_B=2516163
mem_stacks_B=0
heap_tree=empty
#-----------
snapshot=18
#-----------
time=235962925
mem_heap_B=5762545
mem_heap_extra_B=2712535
mem_stacks_B=0
heap_tree=empty
#-----------
snapshot=19
#-----------
time=249648678
mem_heap_B=6095801
mem_heap_extra_B=2855359
mem_stacks_B=0
heap_tree=empty
#-----------
snapshot=20
#-----------
time=263788868
mem_heap_B=6440033
mem_heap_extra_B=3002887
mem_stacks_B=0
heap_tree=empty
#-----------
snapshot=21
#-----------
time=278805653
mem_heap_B=6806161
mem_heap_extra_B=3159799
mem_stacks_B=0
heap_tree=empty
#-----------
snapshot=22
#-----------
time=296825159
mem_heap_B=7243129
mem_heap_extra_B=3347071
mem_stacks_B=0
heap_tree=empty
#-----------
snapshot=23
#-----------
time=314847865
mem_heap_B=7679985
mem_heap_extra_B=3534311
mem_stacks_B=0
heap_tree=empty
#-----------
snapshot=24
#-----------
time=326862118
mem_heap_B=7971801
mem_heap_extra_B=3659375
mem_stacks_B=0
heap_tree=empty
#-----------
snapshot=25
#-----------
time=338876050
mem_heap_B=8262497
mem_heap_extra_B=3783959
mem_stacks_B=0
heap_tree=empty
#-----------
snapshot=26
#-----------
time=347886713
mem_heap_B=8480729
mem_heap_extra_B=3877487
mem_stacks_B=0
heap_tree=empty
#-----------
snapshot=27
#-----------
time=362905895
mem_heap_B=8844505
mem_heap_extra_B=4033391
mem_stacks_B=0
heap_tree=empty
#-----------
snapshot=28
#-----------
time=374922453
mem_heap_B=9142761
mem_heap_extra_B=4161215
mem_stacks_B=0
heap_tree=empty
#-----------
snapshot=29
#-----------
time=389943825
mem_heap_B=9477529
mem_heap_extra_B=4304703
mem_stacks_B=0
heap_tree=empty
#-----------
snapshot=30
#-----------
time=404959291
mem_heap_B=9902841
mem_heap_extra_B=4490911
mem_stacks_B=0
heap_tree=empty
#-----------
snapshot=31
#-----------
time=425491540
mem_heap_B=10433061
mem_heap_extra_B=4667651
mem_stacks_B=0
heap_tree=empty
#-----------
snapshot=32
#-----------
time=446025738
mem_heap_B=10962801
mem_heap_extra_B=4844231
mem_stacks_B=0
heap_tree=empty
#-----------
snapshot=33
#-----------
time=456295916
mem_heap_B=11228721
mem_heap_extra_B=4932871
mem_stacks_B=0
heap_tree=empty
#-----------
snapshot=34
#-----------
time=466564014
mem_heap_B=11493441
mem_heap_extra_B=5021111
mem_stacks_B=0
heap_tree=detailed
n5: 11493441 (heap allocation functions) malloc/new/new[], --alloc-fns, etc.
 n2: 4615128 0x10AF48: slist_agregar_inicio (in /home/fari/correctorOrtografico/main.o)
  n1: 4441536 0x109B5E: metodo_insercion (in /home/fari/correctorOrtografico/main.o)
   n1: 4441536 0x10A5A3: corregir_palabra (in /home/fari/correctorOrtografico/main.o)
    n1: 4441536 0x10A80C: corregir_archivo (in /home/fari/correctorOrtografico/main.o)
     n0: 4441536 0x10927E: main (in /home/fari/correctorOrtografico/main.o)
  n0: 173592 in 6 places, all below massif's threshold (1.00%)
 n2: 3100176 0x10AA04: bstree_insertar (in /home/fari/correctorOrtografico/main.o)
  n2: 3005648 0x10AAA3: bstree_insertar (in /home/fari/correctorOrtografico/main.o)
   n2: 2914880 0x10AAA3: bstree_insertar (in /home/fari/correctorOrtografico/main.o)
    n2: 2824784 0x10AAA3: bstree_insertar (in /home/fari/correctorOrtografico/main.o)
     n2: 2735824 0x10AAA3: bstree_insertar (in /home/fari/correctorOrtografico/main.o)
      n2: 2648744 0x10AAA3: bstree_insertar (in /home/fari/correctorOrtografico/main.o)
       n2: 2562760 0x10AAA3: bstree_insertar (in /home/fari/correctorOrtografico/main.o)
        n2: 2477660 0x10AAA3: bstree_insertar (in /home/fari/correctorOrtografico/main.o)
         n2: 2392804 0x10AAA3: bstree_insertar (in /home/fari/correctorOrtografico/main.o)
          n2: 2308184 0x10AAA3: bstree_insertar (in /home/fari/correctorOrtografico/main.o)
           n2: 2223976 0x10AAA3: bstree_insertar (in /home/fari/correctorOrtografico/main.o)
            n2: 2138856 0x10AAA3: bstree_insertar (in /home/fari/correctorOrtografico/main.o)
             n2: 2052896 0x10AAA3: bstree_insertar (in /home/fari/correctorOrtografico/main.o)
              n2: 1967912 0x10AAA3: bstree_insertar (in /home/fari/correctorOrtografico/main.o)
               n2: 1882868 0x10AAA3: bstree_insertar (in /home/fari/correctorOrtografico/main.o)
                n2: 1798416 0x10AAA3: bstree_insertar (in /home/fari/correctorOrtografico/main.o)
                 n2: 1714248 0x10AAA3: bstree_insertar (in /home/fari/correctorOrtografico/main.o)
                  n2: 1631228 0x10AAA3: bstree_insertar (in /home/fari/correctorOrtografico/main.o)
                   n2: 1549100 0x10AAA3: bstree_insertar (in /home/fari/correctorOrtografico/main.o)
                    n2: 1469036 0x10AAA3: bstree_insertar (in /home/fari/correctorOrtografico/main.o)
                     n2: 1389972 0x10AAA3: bstree_insertar (in /home/fari/correctorOrtografico/main.o)
                      n2: 1312216 0x10AAA3: bstree_insertar (in /home/fari/correctorOrtografico/main.o)
                       n2: 1235324 0x10AAA3: bstree_insertar (in /home/fari/correctorOrtografico/main.o)
                        n2: 1160068 0x10AAA3: bstree_insertar (in /home/fari/correctorOrtografico/main.o)
                         n2: 1086016 0x10AAA3: bstree_insertar (in /home/fari/correctorOrtografico/main.o)
                          n2: 1012244 0x10AAA3: bstree_insertar (in /home/fari/correctorOrtografico/main.o)
                           n2: 940148 0x10AAA3: bstree_insertar (in /home/fari/correctorOrtografico/main.o)
                            n2: 867652 0x10AAA3: bstree_insertar (in /home/fari/correctorOrtografico/main.o)
                             n2: 797248 0x10AAA3: bstree_insertar (in /home/fari/correctorOrtografico/main.o)
                              n0: 727968 0x10AAA3: bstree_insertar (in /home/fari/correctorOrtografico/main.o)
                              n0: 69280 in 2 places, all below massif's threshold (1.00%)
                             n0: 70404 in 2 places, all below massif's threshold (1.00%)
                            n0: 72496 in 2 places, all below massif's threshold (1.00%)
                           n0: 72096 in 2 places, all below massif's threshold (1.00%)
                          n0: 73772 in 2 places, all below massif's threshold (1.00%)
                         n0: 74052 in 2 places, all below massif's threshold (1.00%)
                        n0: 75256 in 2 places, all below massif's threshold (1.00%)
                       n0: 76892 in 2 places, all below massif's threshold (1.00%)
                      n0: 77756 in 2 places, all below massif's threshold (1.00%)
                     n0: 79064 in 2 places, all below massif's threshold (1.00%)
                    n0: 80064 in 2 places, all below massif's threshold (1.00%)
                   n0: 82128 in 2 places, all below massif's threshold (1.00%)
                  n0: 83020 in 2 places, all below massif's threshold (1.00%)
                 n0: 84168 in 2 places, all below massif's threshold (1.00%)
                n0: 84452 in 2 places, all below massif's threshold (1.00%)
               n0: 85044 in 2 places, all below massif's threshold (1.00%)
              n0: 84984 in 2 places, all below massif's threshold (1.00%)
             n0: 85960 in 2 places, all below massif's threshold (1.00%)
            n0: 85120 in 2 places, all below massif's threshold (1.00%)
           n0: 84208 in 2 places, all below massif's threshold (1.00%)
          n0: 84620 in 2 places, all below massif's threshold (1.00%)
         n0: 84856 in 2 places, all below massif's threshold (1.00%)
        n0: 85100 in 2 places, all below massif's threshold (1.00%)
       n0: 85984 in 2 places, all below massif's threshold (1.00%)
      n0: 87080 in 2 places, all below massif's threshold (1.00%)
     n0: 88960 in 2 places, all below massif's threshold (1.00%)
    n0: 90096 in 2 places, all below massif's threshold (1.00%)
   n0: 90768 in 2 places, all below massif's threshold (1.00%)
  n0: 94528 in 2 places, all below massif's threshold (1.00%)
 n2: 1923576 0x10A9E4: bstree_insertar (in /home/fari/correctorOrtografico/main.o)
  n2: 1864464 0x10AAA3: bstree_insertar (in /home/fari/correctorOrtografico/main.o)
   n2: 1807824 0x10AAA3: bstree_insertar (in /home/fari/correctorOrtografico/main.o)
    n2: 1751496 0x10AAA3: bstree_insertar (in /home/fari/correctorOrtografico/main.o)
     n2: 1695552 0x10AAA3: bstree_insertar (in /home/fari/correctorOrtografico/main.o)
      n2: 1640376 0x10AAA3: bstree_insertar (in /home/fari/correctorOrtografico/main.o)
       n2: 1585800 0x10AAA3: bstree_insertar (in /home/fari/correctorOrtografico/main.o)
        n2: 1531992 0x10AAA3: bstree_insertar (in /home/fari/correctorOrtografico/main.o)
         n2: 1478688 0x10AAA3: bstree_insertar (in /home/fari/correctorOrtografico/main.o)
          n2: 1425960 0x10AAA3: bstree_insertar (in /home/fari/correctorOrtografico/main.o)
           n2: 1373976 0x10AAA3: bstree_insertar (in /home/fari/correctorOrtografico/main.o)
            n2: 1322520 0x10AAA3: bstree_insertar (in /home/fari/correctorOrtografico/main.o)
             n2: 1271568 0x10AAA3: bstree_insertar (in /home/fari/correctorOrtografico/main.o)
              n2: 1221000 0x10AAA3: bstree_insertar (in /home/fari/correctorOrtografico/main.o)
               n2: 1171008 0x10AAA3: bstree_insertar (in /home/fari/correctorOrtografico/main.o)
                n2: 1121304 0x10AAA3: bstree_insertar (in /home/fari/correctorOrtografico/main.o)
                 n2: 1071864 0x10AAA3: bstree_insertar (in /home/fari/correctorOrtografico/main.o)
                  n2: 1022952 0x10AAA3: bstree_insertar (in /home/fari/correctorOrtografico/main.o)
                   n2: 974352 0x10AAA3: bstree_insertar (in /home/fari/correctorOrtografico/main.o)
                    n2: 926016 0x10AAA3: bstree_insertar (in /home/fari/correctorOrtografico/main.o)
                     n2: 878136 0x10AAA3: bstree_insertar (in /home/fari/correctorOrtografico/main.o)
                      n2: 830592 0x10AAA3: bstree_insertar (in /home/fari/correctorOrtografico/main.o)
                       n2: 783504 0x10AAA3: bstree_insertar (in /home/fari/correctorOrtografico/main.o)
                        n2: 736776 0x10AAA3: bstree_insertar (in /home/fari/correctorOrtografico/main.o)
                         n2: 690408 0x10AAA3: bstree_insertar (in /home/fari/correctorOrtografico/main.o)
                          n2: 644424 0x10AAA3: bstree_insertar (in /home/fari/correctorOrtografico/main.o)
                           n2: 599160 0x10AAA3: bstree_insertar (in /home/fari/correctorOrtografico/main.o)
                            n2: 554184 0x10AAA3: bstree_insertar (in /home/fari/correctorOrtografico/main.o)
                             n2: 509712 0x10AAA3: bstree_insertar (in /home/fari/correctorOrtografico/main.o)
                              n0: 465888 0x10AAA3: bstree_insertar (in /home/fari/correctorOrtografico/main.o)
                              n0: 43824 in 2 places, all below massif's threshold (1.00%)
                             n0: 44472 in 2 places, all below massif's threshold (1.00%)
                            n0: 44976 in 2 places, all below massif's threshold (1.00%)
                           n0: 45264 in 2 places, all below massif's threshold (1.00%)
                          n0: 45984 in 2 places, all below massif's threshold (1.00%)
                         n0: 46368 in 2 places, all below massif's threshold (1.00%)
                        n0: 46728 in 2 places, all below massif's threshold (1.00%)
                       n0: 47088 in 2 places, all below massif's threshold (1.00%)
                      n0: 47544 in 2 places, all below massif's threshold (1.00%)
                     n0: 47880 in 2 places, all below massif's threshold (1.00%)
                    n0: 48336 in 2 places, all below massif's threshold (1.00%)
                   n0: 48600 in 2 places, all below massif's threshold (1.00%)
                  n0: 48912 in 2 places, all below massif's threshold (1.00%)
                 n0: 49440 in 2 places, all below massif's threshold (1.00%)
                n0: 49704 in 2 places, all below massif's threshold (1.00%)
               n0: 49992 in 2 places, all below massif's threshold (1.00%)
              n0: 50568 in 2 places, all below massif's threshold (1.00%)
             n0: 50952 in 2 places, all below massif's threshold (1.00%)
            n0: 51456 in 2 places, all below massif's threshold (1.00%)
           n0: 51984 in 2 places, all below massif's threshold (1.00%)
          n0: 52728 in 2 places, all below massif's threshold (1.00%)
         n0: 53304 in 2 places, all below massif's threshold (1.00%)
        n0: 53808 in 2 places, all below massif's threshold (1.00%)
       n0: 54576 in 2 places, all below massif's threshold (1.00%)
      n0: 55176 in 2 places, all below massif's threshold (1.00%)
     n0: 55944 in 2 places, all below massif's threshold (1.00%)
    n0: 56328 in 2 places, all below massif's threshold (1.00%)
   n0: 56640 in 2 places, all below massif's threshold (1.00%)
  n0: 59112 in 2 places, all below massif's threshold (1.00%)
 n2: 1808368 0x10AF28: slist_agregar_inicio (in /home/fari/correctorOrtografico/main.o)
  n1: 1735312 0x109B5E: metodo_insercion (in /home/fari/correctorOrtografico/main.o)
   n1: 1735312 0x10A5A3: corregir_palabra (in /home/fari/correctorOrtografico/main.o)
    n1: 1735312 0x10A80C: corregir_archivo (in /home/fari/correctorOrtografico/main.o)
     n0: 1735312 0x10927E: main (in /home/fari/correctorOrtografico/main.o)
  n0: 73056 in 6 places, all below massif's threshold (1.00%)
 n0: 46193 in 13 places, all below massif's threshold (1.00%)
#-----------
snapshot=35
#-----------
time=481964569
mem_heap_B=11891481
mem_heap_extra_B=5153791
mem_stacks_B=0
heap_tree=empty
#-----------
snapshot=36
#-----------
time=492232630
mem_heap_B=12155901
mem_heap_extra_B=5241931
mem_stacks_B=0
heap_tree=empty
#-----------
snapshot=37
#-----------
time=502501110
mem_heap_B=12420321
mem_heap_extra_B=5330071
mem_stacks_B=0
heap_tree=empty
#-----------
snapshot=38
#-----------
time=512768221
mem_heap_B=12685581
mem_heap_extra_B=5418491
mem_stacks_B=0
heap_tree=empty
#-----------
snapshot=39
#-----------
time=528169839
mem_heap_B=13082901
mem_heap_extra_B=5550931
mem_stacks_B=0
heap_tree=empty
#-----------
snapshot=40
#-----------
time=538438002
mem_heap_B=13347201
mem_heap_extra_B=5639047
mem_stacks_B=0
heap_tree=empty
#-----------
snapshot=41
#-----------
time=548705415
mem_heap_B=13611921
mem_heap_extra_B=5727287
mem_stacks_B=0
heap_tree=empty
#-----------
snapshot=42
#-----------
time=564106921
mem_heap_B=14008161
mem_heap_extra_B=5859367
mem_stacks_B=0
heap_tree=empty
#-----------
snapshot=43
#-----------
time=574375498
mem_heap_B=14273361
mem_heap_extra_B=5947767
mem_stacks_B=0
heap_tree=empty
#-----------
snapshot=44
#-----------
time=584642716
mem_heap_B=14538021
mem_heap_extra_B=6035987
mem_stacks_B=0
heap_tree=empty
#-----------
snapshot=45
#-----------
time=594912157
mem_heap_B=14803281
mem_heap_extra_B=6124407
mem_stacks_B=0
heap_tree=empty
#-----------
snapshot=46
#-----------
time=615445983
mem_heap_B=15306021
mem_heap_extra_B=6292003
mem_stacks_B=0
heap_tree=empty
#-----------
snapshot=47
#-----------
time=635421864
mem_heap_B=15869921
mem_heap_extra_B=6491055
mem_stacks_B=0
heap_tree=peak
n5: 15869921 (heap allocation functions) malloc/new/new[], --alloc-fns, etc.
 n2: 7818632 0x10AF48: slist_agregar_inicio (in /home/fari/correctorOrtografico/main.o)
  n1: 7607952 0x109B5E: metodo_insercion (in /home/fari/correctorOrtografico/main.o)
   n1: 7607952 0x10A5A3: corregir_palabra (in /home/fari/correctorOrtografico/main.o)
    n1: 7607952 0x10A80C: corregir_archivo (in /home/fari/correctorOrtografico/main.o)
     n0: 7607952 0x10927E: main (in /home/fari/correctorOrtografico/main.o)
  n0: 210680 in 6 places, all below massif's threshold (1.00%)
 n2: 3100176 0x10AA04: bstree_insertar (in /home/fari/correctorOrtografico/main.o)
  n2: 3005648 0x10AAA3: bstree_insertar (in /home/fari/correctorOrtografico/main.o)
   n2: 2914880 0x10AAA3: bstree_insertar (in /home/fari/correctorOrtografico/main.o)
    n2: 2824784 0x10AAA3: bstree_insertar (in /home/fari/correctorOrtografico/main.o)
     n2: 2735824 0x10AAA3: bstree_insertar (in /home/fari/correctorOrtografico/main.o)
      n2: 2648744 0x10AAA3: bstree_insertar (in /home/fari/correctorOrtografico/main.o)
       n2: 2562760 0x10AAA3: bstree_insertar (in /home/fari/correctorOrtografico/main.o)
        n2: 2477660 0x10AAA3: bstree_insertar (in /home/fari/correctorOrtografico/main.o)
         n2: 2392804 0x10AAA3: bstree_insertar (in /home/fari/correctorOrtografico/main.o)
          n2: 2308184 0x10AAA3: bstree_insertar (in /home/fari/correctorOrtografico/main.o)
           n2: 2223976 0x10AAA3: bstree_insertar (in /home/fari/correctorOrtografico/main.o)
            n2: 2138856 0x10AAA3: bstree_insertar (in /home/fari/correctorOrtografico/main.o)
             n2: 2052896 0x10AAA3: bstree_insertar (in /home/fari/correctorOrtografico/main.o)
              n2: 1967912 0x10AAA3: bstree_insertar (in /home/fari/correctorOrtografico/main.o)
               n2: 1882868 0x10AAA3: bstree_insertar (in /home/fari/correctorOrtografico/main.o)
                n2: 1798416 0x10AAA3: bstree_insertar (in /home/fari/correctorOrtografico/main.o)
                 n2: 1714248 0x10AAA3: bstree_insertar (in /home/fari/correctorOrtografico/main.o)
                  n2: 1631228 0x10AAA3: bstree_insertar (in /home/fari/correctorOrtografico/main.o)
                   n2: 1549100 0x10AAA3: bstree_insertar (in /home/fari/correctorOrtografico/main.o)
                    n2: 1469036 0x10AAA3: bstree_insertar (in /home/fari/correctorOrtografico/main.o)
                     n2: 1389972 0x10AAA3: bstree_insertar (in /home/fari/correctorOrtografico/main.o)
                      n2: 1312216 0x10AAA3: bstree_insertar (in /home/fari/correctorOrtografico/main.o)
                       n2: 1235324 0x10AAA3: bstree_insertar (in /home/fari/correctorOrtografico/main.o)
                        n2: 1160068 0x10AAA3: bstree_insertar (in /home/fari/correctorOrtografico/main.o)
                         n2: 1086016 0x10AAA3: bstree_insertar (in /home/fari/correctorOrtografico/main.o)
                          n2: 1012244 0x10AAA3: bstree_insertar (in /home/fari/correctorOrtografico/main.o)
                           n2: 940148 0x10AAA3: bstree_insertar (in /home/fari/correctorOrtografico/main.o)
                            n2: 867652 0x10AAA3: bstree_insertar (in /home/fari/correctorOrtografico/main.o)
                             n2: 797248 0x10AAA3: bstree_insertar (in /home/fari/correctorOrtografico/main.o)
                              n0: 727968 0x10AAA3: bstree_insertar (in /home/fari/correctorOrtografico/main.o)
                              n0: 69280 in 2 places, all below massif's threshold (1.00%)
                             n0: 70404 in 2 places, all below massif's threshold (1.00%)
                            n0: 72496 in 2 places, all below massif's threshold (1.00%)
                           n0: 72096 in 2 places, all below massif's threshold (1.00%)
                          n0: 73772 in 2 places, all below massif's threshold (1.00%)
                         n0: 74052 in 2 places, all below massif's threshold (1.00%)
                        n0: 75256 in 2 places, all below massif's threshold (1.00%)
                       n0: 76892 in 2 places, all below massif's threshold (1.00%)
                      n0: 77756 in 2 places, all below massif's threshold (1.00%)
                     n0: 79064 in 2 places, all below massif's threshold (1.00%)
                    n0: 80064 in 2 places, all below massif's threshold (1.00%)
                   n0: 82128 in 2 places, all below massif's threshold (1.00%)
                  n0: 83020 in 2 places, all below massif's threshold (1.00%)
                 n0: 84168 in 2 places, all below massif's threshold (1.00%)
                n0: 84452 in 2 places, all below massif's threshold (1.00%)
               n0: 85044 in 2 places, all below massif's threshold (1.00%)
              n0: 84984 in 2 places, all below massif's threshold (1.00%)
             n0: 85960 in 2 places, all below massif's threshold (1.00%)
            n0: 85120 in 2 places, all below massif's threshold (1.00%)
           n0: 84208 in 2 places, all below massif's threshold (1.00%)
          n0: 84620 in 2 places, all below massif's threshold (1.00%)
         n0: 84856 in 2 places, all below massif's threshold (1.00%)
        n0: 85100 in 2 places, all below massif's threshold (1.00%)
       n0: 85984 in 2 places, all below massif's threshold (1.00%)
      n0: 87080 in 2 places, all below massif's threshold (1.00%)
     n0: 88960 in 2 places, all below massif's threshold (1.00%)
    n0: 90096 in 2 places, all below massif's threshold (1.00%)
   n0: 90768 in 2 places, all below massif's threshold (1.00%)
  n0: 94528 in 2 places, all below massif's threshold (1.00%)
 n2: 2981344 0x10AF28: slist_agregar_inicio (in /home/fari/correctorOrtografico/main.o)
  n1: 2889744 0x109B5E: metodo_insercion (in /home/fari/correctorOrtografico/main.o)
   n1: 2889744 0x10A5A3: corregir_palabra (in /home/fari/correctorOrtografico/main.o)
    n1: 2889744 0x10A80C: corregir_archivo (in /home/fari/correctorOrtografico/main.o)
     n0: 2889744 0x10927E: main (in /home/fari/correctorOrtografico/main.o)
  n0: 91600 in 6 places, all below massif's threshold (1.00%)
 n2: 1923576 0x10A9E4: bstree_insertar (in /home/fari/correctorOrtografico/main.o)
  n2: 1864464 0x10AAA3: bstree_insertar (in /home/fari/correctorOrtografico/main.o)
   n2: 1807824 0x10AAA3: bstree_insertar (in /home/fari/correctorOrtografico/main.o)
    n2: 1751496 0x10AAA3: bstree_insertar (in /home/fari/correctorOrtografico/main.o)
     n2: 1695552 0x10AAA3: bstree_insertar (in /home/fari/correctorOrtografico/main.o)
      n2: 1640376 0x10AAA3: bstree_insertar (in /home/fari/correctorOrtografico/main.o)
       n2: 1585800 0x10AAA3: bstree_insertar (in /home/fari/correctorOrtografico/main.o)
        n2: 1531992 0x10AAA3: bstree_insertar (in /home/fari/correctorOrtografico/main.o)
         n2: 1478688 0x10AAA3: bstree_insertar (in /home/fari/correctorOrtografico/main.o)
          n2: 1425960 0x10AAA3: bstree_insertar (in /home/fari/correctorOrtografico/main.o)
           n2: 1373976 0x10AAA3: bstree_insertar (in /home/fari/correctorOrtografico/main.o)
            n2: 1322520 0x10AAA3: bstree_insertar (in /home/fari/correctorOrtografico/main.o)
             n2: 1271568 0x10AAA3: bstree_insertar (in /home/fari/correctorOrtografico/main.o)
              n2: 1221000 0x10AAA3: bstree_insertar (in /home/fari/correctorOrtografico/main.o)
               n2: 1171008 0x10AAA3: bstree_insertar (in /home/fari/correctorOrtografico/main.o)
                n2: 1121304 0x10AAA3: bstree_insertar (in /home/fari/correctorOrtografico/main.o)
                 n2: 1071864 0x10AAA3: bstree_insertar (in /home/fari/correctorOrtografico/main.o)
                  n2: 1022952 0x10AAA3: bstree_insertar (in /home/fari/correctorOrtografico/main.o)
                   n2: 974352 0x10AAA3: bstree_insertar (in /home/fari/correctorOrtografico/main.o)
                    n2: 926016 0x10AAA3: bstree_insertar (in /home/fari/correctorOrtografico/main.o)
                     n2: 878136 0x10AAA3: bstree_insertar (in /home/fari/correctorOrtografico/main.o)
                      n2: 830592 0x10AAA3: bstree_insertar (in /home/fari/correctorOrtografico/main.o)
                       n2: 783504 0x10AAA3: bstree_insertar (in /home/fari/correctorOrtografico/main.o)
                        n2: 736776 0x10AAA3: bstree_insertar (in /home/fari/correctorOrtografico/main.o)
                         n2: 690408 0x10AAA3: bstree_insertar (in /home/fari/correctorOrtografico/main.o)
                          n2: 644424 0x10AAA3: bstree_insertar (in /home/fari/correctorOrtografico/main.o)
                           n2: 599160 0x10AAA3: bstree_insertar (in /home/fari/correctorOrtografico/main.o)
                            n2: 554184 0x10AAA3: bstree_insertar (in /home/fari/correctorOrtografico/main.o)
                             n2: 509712 0x10AAA3: bstree_insertar (in /home/fari/correctorOrtografico/main.o)
                              n0: 465888 0x10AAA3: bstree_insertar (in /home/fari/correctorOrtografico/main.o)
                              n0: 43824 in 2 places, all below massif's threshold (1.00%)
                             n0: 44472 in 2 places, all below massif's threshold (1.00%)
                            n0: 44976 in 2 places, all below massif's threshold (1.00%)
                           n0: 45264 in 2 places, all below massif's threshold (1.00%)
                          n0: 45984 in 2 places, all below massif's threshold (1.00%)
                         n0: 46368 in 2 places, all below massif's threshold (1.00%)
                        n0: 46728 in 2 places, all below massif's threshold (1.00%)
                       n0: 47088 in 2 places, all below massif's threshold (1.00%)
                      n0: 47544 in 2 places, all below massif's threshold (1.00%)
                     n0: 47880 in 2 places, all below massif's threshold (1.00%)
                    n0: 48336 in 2 places, all below massif's threshold (1.00%)
                   n0: 48600 in 2 places, all below massif's threshold (1.00%)
                  n0: 48912 in 2 places, all below massif's threshold (1.00%)
                 n0: 49440 in 2 places, all below massif's threshold (1.00%)
                n0: 49704 in 2 places, all below massif's threshold (1.00%)
               n0: 49992 in 2 places, all below massif's threshold (1.00%)
              n0: 50568 in 2 places, all below massif's threshold (1.00%)
             n0: 50952 in 2 places, all below massif's threshold (1.00%)
            n0: 51456 in 2 places, all below massif's threshold (1.00%)
           n0: 51984 in 2 places, all below massif's threshold (1.00%)
          n0: 52728 in 2 places, all below massif's threshold (1.00%)
         n0: 53304 in 2 places, all below massif's threshold (1.00%)
        n0: 53808 in 2 places, all below massif's threshold (1.00%)
       n0: 54576 in 2 places, all below massif's threshold (1.00%)
      n0: 55176 in 2 places, all below massif's threshold (1.00%)
     n0: 55944 in 2 places, all below massif's threshold (1.00%)
    n0: 56328 in 2 places, all below massif's threshold (1.00%)
   n0: 56640 in 2 places, all below massif's threshold (1.00%)
  n0: 59112 in 2 places, all below massif's threshold (1.00%)
 n0: 46193 in 13 places, all below massif's threshold (1.00%)
#-----------
snapshot=48
#-----------
time=645687083
mem_heap_B=6786849
mem_heap_extra_B=3150023
mem_stacks_B=0
heap_tree=empty
#-----------
snapshot=49
#-----------
time=661086049
mem_heap_B=5143889
mem_heap_extra_B=2439175
mem_stacks_B=0
heap_tree=empty
#-----------
snapshot=50
#-----------
time=669254361
mem_heap_B=5305169
mem_heap_extra_B=2535943
mem_stacks_B=0
heap_tree=empty
#-----------
snapshot=51
#-----------
time=677422800
mem_heap_B=5467089
mem_heap_extra_B=2633095
mem_stacks_B=0
heap_tree=empty
#-----------
snapshot=52
#-----------
time=685592588
mem_heap_B=5628209
mem_heap_extra_B=2729767
mem_stacks_B=0
heap_tree=empty
#-----------
snapshot=53
#-----------
time=693761896
mem_heap_B=5789409
mem_heap_extra_B=2826487
mem_stacks_B=0
heap_tree=empty
#-----------
snapshot=54
#-----------
time=701930663
mem_heap_B=5930169
mem_heap_extra_B=2910959
mem_stacks_B=0
heap_tree=detailed
n5: 5930169 (heap allocation functions) malloc/new/new[], --alloc-fns, etc.
 n2: 3100176 0x10AA04: bstree_insertar (in /home/fari/correctorOrtografico/main.o)
  n2: 3005648 0x10AAA3: bstree_insertar (in /home/fari/correctorOrtografico/main.o)
   n2: 2914880 0x10AAA3: bstree_insertar (in /home/fari/correctorOrtografico/main.o)
    n2: 2824784 0x10AAA3: bstree_insertar (in /home/fari/correctorOrtografico/main.o)
     n2: 2735824 0x10AAA3: bstree_insertar (in /home/fari/correctorOrtografico/main.o)
      n2: 2648744 0x10AAA3: bstree_insertar (in /home/fari/correctorOrtografico/main.o)
       n2: 2562760 0x10AAA3: bstree_insertar (in /home/fari/correctorOrtografico/main.o)
        n2: 2477660 0x10AAA3: bstree_insertar (in /home/fari/correctorOrtografico/main.o)
         n2: 2392804 0x10AAA3: bstree_insertar (in /home/fari/correctorOrtografico/main.o)
          n2: 2308184 0x10AAA3: bstree_insertar (in /home/fari/correctorOrtografico/main.o)
           n2: 2223976 0x10AAA3: bstree_insertar (in /home/fari/correctorOrtografico/main.o)
            n2: 2138856 0x10AAA3: bstree_insertar (in /home/fari/correctorOrtografico/main.o)
             n2: 2052896 0x10AAA3: bstree_insertar (in /home/fari/correctorOrtografico/main.o)
              n2: 1967912 0x10AAA3: bstree_insertar (in /home/fari/correctorOrtografico/main.o)
               n2: 1882868 0x10AAA3: bstree_insertar (in /home/fari/correctorOrtografico/main.o)
                n2: 1798416 0x10AAA3: bstree_insertar (in /home/fari/correctorOrtografico/main.o)
                 n2: 1714248 0x10AAA3: bstree_insertar (in /home/fari/correctorOrtografico/main.o)
                  n2: 1631228 0x10AAA3: bstree_insertar (in /home/fari/correctorOrtografico/main.o)
                   n2: 1549100 0x10AAA3: bstree_insertar (in /home/fari/correctorOrtografico/main.o)
                    n2: 1469036 0x10AAA3: bstree_insertar (in /home/fari/correctorOrtografico/main.o)
                     n2: 1389972 0x10AAA3: bstree_insertar (in /home/fari/correctorOrtografico/main.o)
                      n2: 1312216 0x10AAA3: bstree_insertar (in /home/fari/correctorOrtografico/main.o)
                       n2: 1235324 0x10AAA3: bstree_insertar (in /home/fari/correctorOrtografico/main.o)
                        n2: 1160068 0x10AAA3: bstree_insertar (in /home/fari/correctorOrtografico/main.o)
                         n2: 1086016 0x10AAA3: bstree_insertar (in /home/fari/correctorOrtografico/main.o)
                          n2: 1012244 0x10AAA3: bstree_insertar (in /home/fari/correctorOrtografico/main.o)
                           n2: 940148 0x10AAA3: bstree_insertar (in /home/fari/correctorOrtografico/main.o)
                            n2: 867652 0x10AAA3: bstree_insertar (in /home/fari/correctorOrtografico/main.o)
                             n2: 797248 0x10AAA3: bstree_insertar (in /home/fari/correctorOrtografico/main.o)
                              n0: 727968 0x10AAA3: bstree_insertar (in /home/fari/correctorOrtografico/main.o)
                              n0: 69280 in 2 places, all below massif's threshold (1.00%)
                             n0: 70404 in 2 places, all below massif's threshold (1.00%)
                            n0: 72496 in 2 places, all below massif's threshold (1.00%)
                           n0: 72096 in 2 places, all below massif's threshold (1.00%)
                          n0: 73772 in 2 places, all below massif's threshold (1.00%)
                         n0: 74052 in 2 places, all below massif's threshold (1.00%)
                        n0: 75256 in 2 places, all below massif's threshold (1.00%)
                       n0: 76892 in 2 places, all below massif's threshold (1.00%)
                      n0: 77756 in 2 places, all below massif's threshold (1.00%)
                     n0: 79064 in 2 places, all below massif's threshold (1.00%)
                    n0: 80064 in 2 places, all below massif's threshold (1.00%)
                   n0: 82128 in 2 places, all below massif's threshold (1.00%)
                  n0: 83020 in 2 places, all below massif's threshold (1.00%)
                 n0: 84168 in 2 places, all below massif's threshold (1.00%)
                n0: 84452 in 2 places, all below massif's threshold (1.00%)
               n0: 85044 in 2 places, all below massif's threshold (1.00%)
              n0: 84984 in 2 places, all below massif's threshold (1.00%)
             n0: 85960 in 2 places, all below massif's threshold (1.00%)
            n0: 85120 in 2 places, all below massif's threshold (1.00%)
           n0: 84208 in 2 places, all below massif's threshold (1.00%)
          n0: 84620 in 2 places, all below massif's threshold (1.00%)
         n0: 84856 in 2 places, all below massif's threshold (1.00%)
        n0: 85100 in 2 places, all below massif's threshold (1.00%)
       n0: 85984 in 2 places, all below massif's threshold (1.00%)
      n0: 87080 in 2 places, all below massif's threshold (1.00%)
     n0: 88960 in 2 places, all below massif's threshold (1.00%)
    n0: 90096 in 2 places, all below massif's threshold (1.00%)
   n0: 90768 in 2 places, all below massif's threshold (1.00%)
  n0: 94528 in 2 places, all below massif's threshold (1.00%)
 n2: 1923576 0x10A9E4: bstree_insertar (in /home/fari/correctorOrtografico/main.o)
  n2: 1864464 0x10AAA3: bstree_insertar (in /home/fari/correctorOrtografico/main.o)
   n2: 1807824 0x10AAA3: bstree_insertar (in /home/fari/correctorOrtografico/main.o)
    n2: 1751496 0x10AAA3: bstree_insertar (in /home/fari/correctorOrtografico/main.o)
     n2: 1695552 0x10AAA3: bstree_insertar (in /home/fari/correctorOrtografico/main.o)
      n2: 1640376 0x10AAA3: bstree_insertar (in /home/fari/correctorOrtografico/main.o)
       n2: 1585800 0x10AAA3: bstree_insertar (in /home/fari/correctorOrtografico/main.o)
        n2: 1531992 0x10AAA3: bstree_insertar (in /home/fari/correctorOrtografico/main.o)
         n2: 1478688 0x10AAA3: bstree_insertar (in /home/fari/correctorOrtografico/main.o)
          n2: 1425960 0x10AAA3: bstree_insertar (in /home/fari/correctorOrtografico/main.o)
           n2: 1373976 0x10AAA3: bstree_insertar (in /home/fari/correctorOrtografico/main.o)
            n2: 1322520 0x10AAA3: bstree_insertar (in /home/fari/correctorOrtografico/main.o)
             n2: 1271568 0x10AAA3: bstree_insertar (in /home/fari/correctorOrtografico/main.o)
              n2: 1221000 0x10AAA3: bstree_insertar (in /home/fari/correctorOrtografico/main.o)
               n2: 1171008 0x10AAA3: bstree_insertar (in /home/fari/correctorOrtografico/main.o)
                n2: 1121304 0x10AAA3: bstree_insertar (in /home/fari/correctorOrtografico/main.o)
                 n2: 1071864 0x10AAA3: bstree_insertar (in /home/fari/correctorOrtografico/main.o)
                  n2: 1022952 0x10AAA3: bstree_insertar (in /home/fari/correctorOrtografico/main.o)
                   n2: 974352 0x10AAA3: bstree_insertar (in /home/fari/correctorOrtografico/main.o)
                    n2: 926016 0x10AAA3: bstree_insertar (in /home/fari/correctorOrtografico/main.o)
                     n2: 878136 0x10AAA3: bstree_insertar (in /home/fari/correctorOrtografico/main.o)
                      n2: 830592 0x10AAA3: bstree_insertar (in /home/fari/correctorOrtografico/main.o)
                       n2: 783504 0x10AAA3: bstree_insertar (in /home/fari/correctorOrtografico/main.o)
                        n2: 736776 0x10AAA3: bstree_insertar (in /home/fari/correctorOrtografico/main.o)
                         n2: 690408 0x10AAA3: bstree_insertar (in /home/fari/correctorOrtografico/main.o)
                          n2: 644424 0x10AAA3: bstree_insertar (in /home/fari/correctorOrtografico/main.o)
                           n2: 599160 0x10AAA3: bstree_insertar (in /home/fari/correctorOrtografico/main.o)
                            n2: 554184 0x10AAA3: bstree_insertar (in /home/fari/correctorOrtografico/main.o)
                             n2: 509712 0x10AAA3: bstree_insertar (in /home/fari/correctorOrtografico/main.o)
                              n0: 465888 0x10AAA3: bstree_insertar (in /home/fari/correctorOrtografico/main.o)
                              n0: 43824 in 2 places, all below massif's threshold (1.00%)
                             n0: 44472 in 2 places, all below massif's threshold (1.00%)
                            n0: 44976 in 2 places, all below massif's threshold (1.00%)
                           n0: 45264 in 2 places, all below massif's threshold (1.00%)
                          n0: 45984 in 2 places, all below massif's threshold (1.00%)
                         n0: 46368 in 2 places, all below massif's threshold (1.00%)
                        n0: 46728 in 2 places, all below massif's threshold (1.00%)
                       n0: 47088 in 2 places, all below massif's threshold (1.00%)
                      n0: 47544 in 2 places, all below massif's threshold (1.00%)
                     n0: 47880 in 2 places, all below massif's threshold (1.00%)
                    n0: 48336 in 2 places, all below massif's threshold (1.00%)
                   n0: 48600 in 2 places, all below massif's threshold (1.00%)
                  n0: 48912 in 2 places, all below massif's threshold (1.00%)
                 n0: 49440 in 2 places, all below massif's threshold (1.00%)
                n0: 49704 in 2 places, all below massif's threshold (1.00%)
               n0: 49992 in 2 places, all below massif's threshold (1.00%)
              n0: 50568 in 2 places, all below massif's threshold (1.00%)
             n0: 50952 in 2 places, all below massif's threshold (1.00%)
            n0: 51456 in 2 places, all below massif's threshold (1.00%)
           n0: 51984 in 2 places, all below massif's threshold (1.00%)
          n0: 52728 in 2 places, all below massif's threshold (1.00%)
         n0: 53304 in 2 places, all below massif's threshold (1.00%)
        n0: 53808 in 2 places, all below massif's threshold (1.00%)
       n0: 54576 in 2 places, all below massif's threshold (1.00%)
      n0: 55176 in 2 places, all below massif's threshold (1.00%)
     n0: 55944 in 2 places, all below massif's threshold (1.00%)
    n0: 56328 in 2 places, all below massif's threshold (1.00%)
   n0: 56640 in 2 places, all below massif's threshold (1.00%)
  n0: 59112 in 2 places, all below massif's threshold (1.00%)
 n2: 502944 0x10AF48: slist_agregar_inicio (in /home/fari/correctorOrtografico/main.o)
  n1: 476352 0x109B5E: metodo_insercion (in /home/fari/correctorOrtografico/main.o)
   n1: 476352 0x10A5A3: corregir_palabra (in /home/fari/correctorOrtografico/main.o)
    n1: 476352 0x10A80C: corregir_archivo (in /home/fari/correctorOrtografico/main.o)
     n0: 476352 0x10927E: main (in /home/fari/correctorOrtografico/main.o)
  n0: 26592 in 6 places, all below massif's threshold (1.00%)
 n2: 336800 0x10AF28: slist_agregar_inicio (in /home/fari/correctorOrtografico/main.o)
  n1: 317584 0x109B5E: metodo_insercion (in /home/fari/correctorOrtografico/main.o)
   n1: 317584 0x10A5A3: corregir_palabra (in /home/fari/correctorOrtografico/main.o)
    n1: 317584 0x10A80C: corregir_archivo (in /home/fari/correctorOrtografico/main.o)
     n0: 317584 0x10927E: main (in /home/fari/correctorOrtografico/main.o)
  n0: 19216 in 6 places, all below massif's threshold (1.00%)
 n0: 66673 in 13 places, all below massif's threshold (1.00%)
#-----------
snapshot=55
#-----------
time=710100523
mem_heap_B=6117405
mem_heap_extra_B=3014411
mem_stacks_B=0
heap_tree=empty
#-----------
snapshot=56
#-----------
time=718268884
mem_heap_B=6293097
mem_heap_extra_B=3094271
mem_stacks_B=0
heap_tree=empty
#-----------
snapshot=57
#-----------
time=726438408
mem_heap_B=6468613
mem_heap_extra_B=3174051
mem_stacks_B=0
heap_tree=empty
#-----------
snapshot=58
#-----------
time=734606643
mem_heap_B=6644349
mem_heap_extra_B=3253931
mem_stacks_B=0
heap_tree=empty
#-----------
snapshot=59
#-----------
time=742774861
mem_heap_B=6820349
mem_heap_extra_B=3333931
mem_stacks_B=0
heap_tree=empty
#-----------
snapshot=60
#-----------
time=750942928
mem_heap_B=6995733
mem_heap_extra_B=3413651
mem_stacks_B=0
heap_tree=empty
#-----------
snapshot=61
#-----------
time=759112623
mem_heap_B=7171865
mem_heap_extra_B=3493711
mem_stacks_B=0
heap_tree=empty
#-----------
snapshot=62
#-----------
time=767280804
mem_heap_B=7320937
mem_heap_extra_B=3561471
mem_stacks_B=0
heap_tree=empty
#-----------
snapshot=63
#-----------
time=775448725
mem_heap_B=6657597
mem_heap_extra_B=3257419
mem_stacks_B=0
heap_tree=empty
#-----------
snapshot=64
#-----------
time=783616644
mem_heap_B=909969
mem_heap_extra_B=422719
mem_stacks_B=0
heap_tree=detailed
n4: 909969 (heap allocation functions) malloc/new/new[], --alloc-fns, etc.
 n3: 546936 0x10AA04: bstree_insertar (in /home/fari/correctorOrtografico/main.o)
  n2: 530692 0x10AAA3: bstree_insertar (in /home/fari/correctorOrtografico/main.o)
   n3: 515872 0x10AAA3: bstree_insertar (in /home/fari/correctorOrtografico/main.o)
    n3: 500200 0x10AAA3: bstree_insertar (in /home/fari/correctorOrtografico/main.o)
     n2: 484788 0x10AAA3: bstree_insertar (in /home/fari/correctorOrtografico/main.o)
      n2: 470012 0x10AAA3: bstree_insertar (in /home/fari/correctorOrtografico/main.o)
       n2: 455028 0x10AAA3: bstree_insertar (in /home/fari/correctorOrtografico/main.o)
        n2: 440460 0x10AAA3: bstree_insertar (in /home/fari/correctorOrtografico/main.o)
         n2: 425996 0x10AAA3: bstree_insertar (in /home/fari/correctorOrtografico/main.o)
          n2: 411416 0x10AAA3: bstree_insertar (in /home/fari/correctorOrtografico/main.o)
           n2: 397324 0x10AAA3: bstree_insertar (in /home/fari/correctorOrtografico/main.o)
            n3: 382704 0x10AAA3: bstree_insertar (in /home/fari/correctorOrtografico/main.o)
             n3: 367684 0x10AAA3: bstree_insertar (in /home/fari/correctorOrtografico/main.o)
              n3: 352568 0x10AAA3: bstree_insertar (in /home/fari/correctorOrtografico/main.o)
               n2: 337620 0x10AAA3: bstree_insertar (in /home/fari/correctorOrtografico/main.o)
                n3: 322956 0x10AAA3: bstree_insertar (in /home/fari/correctorOrtografico/main.o)
                 n3: 308236 0x10AAA3: bstree_insertar (in /home/fari/correctorOrtografico/main.o)
                  n3: 293660 0x10AAA3: bstree_insertar (in /home/fari/correctorOrtografico/main.o)
                   n2: 278752 0x10AAA3: bstree_insertar (in /home/fari/correctorOrtografico/main.o)
                    n2: 264392 0x10AAA3: bstree_insertar (in /home/fari/correctorOrtografico/main.o)
                     n2: 250396 0x10AAA3: bstree_insertar (in /home/fari/correctorOrtografico/main.o)
                      n2: 236280 0x10AAA3: bstree_insertar (in /home/fari/correctorOrtografico/main.o)
                       n2: 222692 0x10AAA3: bstree_insertar (in /home/fari/correctorOrtografico/main.o)
                        n2: 209228 0x10AAA3: bstree_insertar (in /home/fari/correctorOrtografico/main.o)
                         n2: 196224 0x10AAA3: bstree_insertar (in /home/fari/correctorOrtografico/main.o)
                          n2: 182988 0x10AAA3: bstree_insertar (in /home/fari/correctorOrtografico/main.o)
                           n2: 170376 0x10AAA3: bstree_insertar (in /home/fari/correctorOrtografico/main.o)
                            n2: 157500 0x10AAA3: bstree_insertar (in /home/fari/correctorOrtografico/main.o)
                             n2: 144948 0x10AAA3: bstree_insertar (in /home/fari/correctorOrtografico/main.o)
                              n0: 132312 0x10AAA3: bstree_insertar (in /home/fari/correctorOrtografico/main.o)
                              n0: 12636 in 2 places, all below massif's threshold (1.00%)
                             n0: 12552 in 2 places, all below massif's threshold (1.00%)
                            n0: 12876 in 2 places, all below massif's threshold (1.00%)
                           n0: 12612 in 2 places, all below massif's threshold (1.00%)
                          n0: 13236 in 2 places, all below massif's threshold (1.00%)
                         n0: 13004 in 2 places, all below massif's threshold (1.00%)
                        n0: 13464 in 2 places, all below massif's threshold (1.00%)
                       n0: 13588 in 2 places, all below massif's threshold (1.00%)
                      n0: 14116 in 2 places, all below massif's threshold (1.00%)
                     n0: 13996 in 2 places, all below massif's threshold (1.00%)
                    n0: 14360 in 2 places, all below massif's threshold (1.00%)
                   n1: 13880 0x10AE33: tablahash_insertar (in /home/fari/correctorOrtografico/main.o)
                    n1: 13880 0x10A968: leer_diccionario (in /home/fari/correctorOrtografico/main.o)
                     n0: 13880 0x109255: main (in /home/fari/correctorOrtografico/main.o)
                   n0: 1028 in 1 place, below massif's threshold (1.00%)
                  n1: 13396 0x10AE33: tablahash_insertar (in /home/fari/correctorOrtografico/main.o)
                   n1: 13396 0x10A968: leer_diccionario (in /home/fari/correctorOrtografico/main.o)
                    n0: 13396 0x109255: main (in /home/fari/correctorOrtografico/main.o)
                  n0: 1180 in 1 place, below massif's threshold (1.00%)
                 n1: 13520 0x10AE33: tablahash_insertar (in /home/fari/correctorOrtografico/main.o)
                  n1: 13520 0x10A968: leer_diccionario (in /home/fari/correctorOrtografico/main.o)
                   n0: 13520 0x109255: main (in /home/fari/correctorOrtografico/main.o)
                 n0: 1200 in 1 place, below massif's threshold (1.00%)
                n0: 14664 in 2 places, all below massif's threshold (1.00%)
               n1: 13568 0x10AE33: tablahash_insertar (in /home/fari/correctorOrtografico/main.o)
                n1: 13568 0x10A968: leer_diccionario (in /home/fari/correctorOrtografico/main.o)
                 n0: 13568 0x109255: main (in /home/fari/correctorOrtografico/main.o)
               n0: 1380 in 1 place, below massif's threshold (1.00%)
              n1: 13644 0x10AE33: tablahash_insertar (in /home/fari/correctorOrtografico/main.o)
               n1: 13644 0x10A968: leer_diccionario (in /home/fari/correctorOrtografico/main.o)
                n0: 13644 0x109255: main (in /home/fari/correctorOrtografico/main.o)
              n0: 1472 in 1 place, below massif's threshold (1.00%)
             n1: 13464 0x10AE33: tablahash_insertar (in /home/fari/correctorOrtografico/main.o)
              n1: 13464 0x10A968: leer_diccionario (in /home/fari/correctorOrtografico/main.o)
               n0: 13464 0x109255: main (in /home/fari/correctorOrtografico/main.o)
             n0: 1556 in 1 place, below massif's threshold (1.00%)
            n0: 14620 in 2 places, all below massif's threshold (1.00%)
           n0: 14092 in 2 places, all below massif's threshold (1.00%)
          n0: 14580 in 2 places, all below massif's threshold (1.00%)
         n0: 14464 in 2 places, all below massif's threshold (1.00%)
        n0: 14568 in 2 places, all below massif's threshold (1.00%)
       n0: 14984 in 2 places, all below massif's threshold (1.00%)
      n0: 14776 in 2 places, all below massif's threshold (1.00%)
     n1: 13480 0x10AE33: tablahash_insertar (in /home/fari/correctorOrtografico/main.o)
      n1: 13480 0x10A968: leer_diccionario (in /home/fari/correctorOrtografico/main.o)
       n0: 13480 0x109255: main (in /home/fari/correctorOrtografico/main.o)
     n0: 1932 in 1 place, below massif's threshold (1.00%)
    n1: 13756 0x10AE33: tablahash_insertar (in /home/fari/correctorOrtografico/main.o)
     n1: 13756 0x10A968: leer_diccionario (in /home/fari/correctorOrtografico/main.o)
      n0: 13756 0x109255: main (in /home/fari/correctorOrtografico/main.o)
    n0: 1916 in 1 place, below massif's threshold (1.00%)
   n0: 14820 in 2 places, all below massif's threshold (1.00%)
  n1: 13656 0x10AE33: tablahash_insertar (in /home/fari/correctorOrtografico/main.o)
   n1: 13656 0x10A968: leer_diccionario (in /home/fari/correctorOrtografico/main.o)
    n0: 13656 0x109255: main (in /home/fari/correctorOrtografico/main.o)
  n0: 2588 in 1 place, below massif's threshold (1.00%)
 n2: 338424 0x10A9E4: bstree_insertar (in /home/fari/correctorOrtografico/main.o)
  n2: 328200 0x10AAA3: bstree_insertar (in /home/fari/correctorOrtografico/main.o)
   n2: 318576 0x10AAA3: bstree_insertar (in /home/fari/correctorOrtografico/main.o)
    n2: 308976 0x10AAA3: bstree_insertar (in /home/fari/correctorOrtografico/main.o)
     n2: 299448 0x10AAA3: bstree_insertar (in /home/fari/correctorOrtografico/main.o)
      n2: 290040 0x10AAA3: bstree_insertar (in /home/fari/correctorOrtografico/main.o)
       n2: 280728 0x10AAA3: bstree_insertar (in /home/fari/correctorOrtografico/main.o)
        n2: 271512 0x10AAA3: bstree_insertar (in /home/fari/correctorOrtografico/main.o)
         n2: 262368 0x10AAA3: bstree_insertar (in /home/fari/correctorOrtografico/main.o)
          n2: 253344 0x10AAA3: bstree_insertar (in /home/fari/correctorOrtografico/main.o)
           n2: 244416 0x10AAA3: bstree_insertar (in /home/fari/correctorOrtografico/main.o)
            n2: 235536 0x10AAA3: bstree_insertar (in /home/fari/correctorOrtografico/main.o)
             n2: 226680 0x10AAA3: bstree_insertar (in /home/fari/correctorOrtografico/main.o)
              n2: 217872 0x10AAA3: bstree_insertar (in /home/fari/correctorOrtografico/main.o)
               n2: 209112 0x10AAA3: bstree_insertar (in /home/fari/correctorOrtografico/main.o)
                n2: 200376 0x10AAA3: bstree_insertar (in /home/fari/correctorOrtografico/main.o)
                 n2: 191712 0x10AAA3: bstree_insertar (in /home/fari/correctorOrtografico/main.o)
                  n2: 183096 0x10AAA3: bstree_insertar (in /home/fari/correctorOrtografico/main.o)
                   n2: 174504 0x10AAA3: bstree_insertar (in /home/fari/correctorOrtografico/main.o)
                    n2: 165936 0x10AAA3: bstree_insertar (in /home/fari/correctorOrtografico/main.o)
                     n2: 157464 0x10AAA3: bstree_insertar (in /home/fari/correctorOrtografico/main.o)
                      n2: 149040 0x10AAA3: bstree_insertar (in /home/fari/correctorOrtografico/main.o)
                       n2: 140736 0x10AAA3: bstree_insertar (in /home/fari/correctorOrtografico/main.o)
                        n2: 132480 0x10AAA3: bstree_insertar (in /home/fari/correctorOrtografico/main.o)
                         n2: 124320 0x10AAA3: bstree_insertar (in /home/fari/correctorOrtografico/main.o)
                          n2: 116232 0x10AAA3: bstree_insertar (in /home/fari/correctorOrtografico/main.o)
                           n2: 108216 0x10AAA3: bstree_insertar (in /home/fari/correctorOrtografico/main.o)
                            n2: 100248 0x10AAA3: bstree_insertar (in /home/fari/correctorOrtografico/main.o)
                             n2: 92376 0x10AAA3: bstree_insertar (in /home/fari/correctorOrtografico/main.o)
                              n0: 84528 0x10AAA3: bstree_insertar (in /home/fari/correctorOrtografico/main.o)
                              n0: 7848 in 2 places, all below massif's threshold (1.00%)
                             n0: 7872 in 2 places, all below massif's threshold (1.00%)
                            n0: 7968 in 2 places, all below massif's threshold (1.00%)
                           n0: 8016 in 2 places, all below massif's threshold (1.00%)
                          n0: 8088 in 2 places, all below massif's threshold (1.00%)
                         n0: 8160 in 2 places, all below massif's threshold (1.00%)
                        n0: 8256 in 2 places, all below massif's threshold (1.00%)
                       n0: 8304 in 2 places, all below massif's threshold (1.00%)
                      n0: 8424 in 2 places, all below massif's threshold (1.00%)
                     n0: 8472 in 2 places, all below massif's threshold (1.00%)
                    n0: 8568 in 2 places, all below massif's threshold (1.00%)
                   n0: 8592 in 2 places, all below massif's threshold (1.00%)
                  n0: 8616 in 2 places, all below massif's threshold (1.00%)
                 n0: 8664 in 2 places, all below massif's threshold (1.00%)
                n0: 8736 in 2 places, all below massif's threshold (1.00%)
               n0: 8760 in 2 places, all below massif's threshold (1.00%)
              n0: 8808 in 2 places, all below massif's threshold (1.00%)
             n0: 8856 in 2 places, all below massif's threshold (1.00%)
            n0: 8880 in 2 places, all below massif's threshold (1.00%)
           n0: 8928 in 2 places, all below massif's threshold (1.00%)
          n0: 9024 in 2 places, all below massif's threshold (1.00%)
         n0: 9144 in 2 places, all below massif's threshold (1.00%)
        n0: 9216 in 2 places, all below massif's threshold (1.00%)
       n0: 9312 in 2 places, all below massif's threshold (1.00%)
      n0: 9408 in 2 places, all below massif's threshold (1.00%)
     n0: 9528 in 2 places, all below massif's threshold (1.00%)
    n0: 9600 in 2 places, all below massif's threshold (1.00%)
   n0: 9624 in 2 places, all below massif's threshold (1.00%)
  n0: 10224 in 2 places, all below massif's threshold (1.00%)
 n1: 15992 0x10AD66: tablahash_crear (in /home/fari/correctorOrtografico/main.o)
  n1: 15992 0x10A8EC: leer_diccionario (in /home/fari/correctorOrtografico/main.o)
   n0: 15992 0x109255: main (in /home/fari/correctorOrtografico/main.o)
 n0: 8617 in 14 places, all below massif's threshold (1.00%)
